<?xml version="1.0" encoding="utf-8"?><testsuites><testsuite name="pytest" errors="0" failures="0" skipped="0" tests="3" time="0.362" timestamp="2025-12-04T00:25:56.254896+00:00" hostname="9b4399d960a1"><testcase classname="flask_backend.tests.test_youtube_endpoints" name="test_download_missing_url_returns_400" time="0.006" /><testcase classname="flask_backend.tests.test_youtube_endpoints" name="test_download_ffmpeg_missing_returns_500" time="0.002" /><testcase classname="flask_backend.tests.test_youtube_endpoints" name="test_download_success_and_stream_headers" time="0.003" /></testsuite></testsuites>