<?xml version="1.0" encoding="utf-8"?><testsuites><testsuite name="pytest" errors="0" failures="3" skipped="0" tests="3" time="0.639" timestamp="2025-12-04T00:16:22.267736+00:00" hostname="9b4399d960a1"><testcase classname="tests.test_youtube_endpoints" name="test_download_missing_url_returns_400" time="0.006"><failure message="TypeError: The view function did not return a valid response. The return type must be a string, dict, list, tuple with headers or status, Response instance, or WSGI callable, but it was a Download.">monkeypatch = &lt;_pytest.monkeypatch.MonkeyPatch object at 0x7f18bd127fb0&gt;

    def test_download_missing_url_returns_400(monkeypatch):
        client = flask_app.test_client()
        # Simulate ffmpeg exists to avoid earlier 500
        monkeypatch.setattr(shutil, "which", lambda name: "/usr/bin/ffmpeg")
&gt;       resp = client.get("/download")

tests/test_youtube_endpoints.py:67: 
_ _ _ _ _ _ _ _ _ _ _ _ _ _ _ _ _ _ _ _ _ _ _ _ _ _ _ _ _ _ _ _ _ _ _ _ _ _ _ _ 
../../.venv/lib/python3.12/site-packages/werkzeug/test.py:1162: in get
    return self.open(*args, **kw)
../../.venv/lib/python3.12/site-packages/flask/testing.py:235: in open
    response = super().open(
../../.venv/lib/python3.12/site-packages/werkzeug/test.py:1116: in open
    response_parts = self.run_wsgi_app(request.environ, buffered=buffered)
../../.venv/lib/python3.12/site-packages/werkzeug/test.py:988: in run_wsgi_app
    rv = run_wsgi_app(self.application, environ, buffered=buffered)
../../.venv/lib/python3.12/site-packages/werkzeug/test.py:1264: in run_wsgi_app
    app_rv = app(environ, start_response)
../../.venv/lib/python3.12/site-packages/flask/app.py:1498: in __call__
    return self.wsgi_app(environ, start_response)
../../.venv/lib/python3.12/site-packages/flask/app.py:1476: in wsgi_app
    response = self.handle_exception(e)
../../.venv/lib/python3.12/site-packages/flask_cors/extension.py:176: in wrapped_function
    return cors_after_request(app.make_response(f(*args, **kwargs)))
../../.venv/lib/python3.12/site-packages/flask/app.py:1473: in wsgi_app
    response = self.full_dispatch_request()
../../.venv/lib/python3.12/site-packages/flask/app.py:883: in full_dispatch_request
    return self.finalize_request(rv)
../../.venv/lib/python3.12/site-packages/flask/app.py:902: in finalize_request
    response = self.make_response(rv)
_ _ _ _ _ _ _ _ _ _ _ _ _ _ _ _ _ _ _ _ _ _ _ _ _ _ _ _ _ _ _ _ _ _ _ _ _ _ _ _ 

self = &lt;Flask 'app'&gt;
rv = &lt;app.routes.youtube.Download object at 0x7f18be568830&gt;

    def make_response(self, rv: ft.ResponseReturnValue) -&gt; Response:
        """Convert the return value from a view function to an instance of
        :attr:`response_class`.
    
        :param rv: the return value from the view function. The view function
            must return a response. Returning ``None``, or the view ending
            without returning, is not allowed. The following types are allowed
            for ``view_rv``:
    
            ``str``
                A response object is created with the string encoded to UTF-8
                as the body.
    
            ``bytes``
                A response object is created with the bytes as the body.
    
            ``dict``
                A dictionary that will be jsonify'd before being returned.
    
            ``list``
                A list that will be jsonify'd before being returned.
    
            ``generator`` or ``iterator``
                A generator that returns ``str`` or ``bytes`` to be
                streamed as the response.
    
            ``tuple``
                Either ``(body, status, headers)``, ``(body, status)``, or
                ``(body, headers)``, where ``body`` is any of the other types
                allowed here, ``status`` is a string or an integer, and
                ``headers`` is a dictionary or a list of ``(key, value)``
                tuples. If ``body`` is a :attr:`response_class` instance,
                ``status`` overwrites the exiting value and ``headers`` are
                extended.
    
            :attr:`response_class`
                The object is returned unchanged.
    
            other :class:`~werkzeug.wrappers.Response` class
                The object is coerced to :attr:`response_class`.
    
            :func:`callable`
                The function is called as a WSGI application. The result is
                used to create a response object.
    
        .. versionchanged:: 2.2
            A generator will be converted to a streaming response.
            A list will be converted to a JSON response.
    
        .. versionchanged:: 1.1
            A dict will be converted to a JSON response.
    
        .. versionchanged:: 0.9
           Previously a tuple was interpreted as the arguments for the
           response object.
        """
    
        status = headers = None
    
        # unpack tuple returns
        if isinstance(rv, tuple):
            len_rv = len(rv)
    
            # a 3-tuple is unpacked directly
            if len_rv == 3:
                rv, status, headers = rv  # type: ignore[misc]
            # decide if a 2-tuple has status or headers
            elif len_rv == 2:
                if isinstance(rv[1], (Headers, dict, tuple, list)):
                    rv, headers = rv
                else:
                    rv, status = rv  # type: ignore[assignment,misc]
            # other sized tuples are not allowed
            else:
                raise TypeError(
                    "The view function did not return a valid response tuple."
                    " The tuple must have the form (body, status, headers),"
                    " (body, status), or (body, headers)."
                )
    
        # the body must not be None
        if rv is None:
            raise TypeError(
                f"The view function for {request.endpoint!r} did not"
                " return a valid response. The function either returned"
                " None or ended without a return statement."
            )
    
        # make sure the body is an instance of the response class
        if not isinstance(rv, self.response_class):
            if isinstance(rv, (str, bytes, bytearray)) or isinstance(rv, cabc.Iterator):
                # let the response class set the status and headers instead of
                # waiting to do it manually, so that the class can handle any
                # special logic
                rv = self.response_class(
                    rv,
                    status=status,
                    headers=headers,  # type: ignore[arg-type]
                )
                status = headers = None
            elif isinstance(rv, (dict, list)):
                rv = self.json.response(rv)
            elif isinstance(rv, BaseResponse) or callable(rv):
                # evaluate a WSGI callable, or coerce a different response
                # class to the correct type
                try:
                    rv = self.response_class.force_type(
                        rv,  # type: ignore[arg-type]
                        request.environ,
                    )
                except TypeError as e:
                    raise TypeError(
                        f"{e}\nThe view function did not return a valid"
                        " response. The return type must be a string,"
                        " dict, list, tuple with headers or status,"
                        " Response instance, or WSGI callable, but it"
                        f" was a {type(rv).__name__}."
                    ).with_traceback(sys.exc_info()[2]) from None
            else:
&gt;               raise TypeError(
                    "The view function did not return a valid"
                    " response. The return type must be a string,"
                    " dict, list, tuple with headers or status,"
                    " Response instance, or WSGI callable, but it was a"
                    f" {type(rv).__name__}."
                )
E               TypeError: The view function did not return a valid response. The return type must be a string, dict, list, tuple with headers or status, Response instance, or WSGI callable, but it was a Download.

../../.venv/lib/python3.12/site-packages/flask/app.py:1211: TypeError</failure></testcase><testcase classname="tests.test_youtube_endpoints" name="test_download_ffmpeg_missing_returns_500" time="0.002"><failure message="TypeError: The view function did not return a valid response. The return type must be a string, dict, list, tuple with headers or status, Response instance, or WSGI callable, but it was a Download.">monkeypatch = &lt;_pytest.monkeypatch.MonkeyPatch object at 0x7f18bd1574a0&gt;

    def test_download_ffmpeg_missing_returns_500(monkeypatch):
        client = flask_app.test_client()
        # Simulate missing ffmpeg
        monkeypatch.setattr(shutil, "which", lambda name: None)
&gt;       resp = client.get("/download?url=https://youtu.be/short")

tests/test_youtube_endpoints.py:77: 
_ _ _ _ _ _ _ _ _ _ _ _ _ _ _ _ _ _ _ _ _ _ _ _ _ _ _ _ _ _ _ _ _ _ _ _ _ _ _ _ 
../../.venv/lib/python3.12/site-packages/werkzeug/test.py:1162: in get
    return self.open(*args, **kw)
../../.venv/lib/python3.12/site-packages/flask/testing.py:235: in open
    response = super().open(
../../.venv/lib/python3.12/site-packages/werkzeug/test.py:1116: in open
    response_parts = self.run_wsgi_app(request.environ, buffered=buffered)
../../.venv/lib/python3.12/site-packages/werkzeug/test.py:988: in run_wsgi_app
    rv = run_wsgi_app(self.application, environ, buffered=buffered)
../../.venv/lib/python3.12/site-packages/werkzeug/test.py:1264: in run_wsgi_app
    app_rv = app(environ, start_response)
../../.venv/lib/python3.12/site-packages/flask/app.py:1498: in __call__
    return self.wsgi_app(environ, start_response)
../../.venv/lib/python3.12/site-packages/flask/app.py:1476: in wsgi_app
    response = self.handle_exception(e)
../../.venv/lib/python3.12/site-packages/flask_cors/extension.py:176: in wrapped_function
    return cors_after_request(app.make_response(f(*args, **kwargs)))
../../.venv/lib/python3.12/site-packages/flask/app.py:1473: in wsgi_app
    response = self.full_dispatch_request()
../../.venv/lib/python3.12/site-packages/flask/app.py:883: in full_dispatch_request
    return self.finalize_request(rv)
../../.venv/lib/python3.12/site-packages/flask/app.py:902: in finalize_request
    response = self.make_response(rv)
_ _ _ _ _ _ _ _ _ _ _ _ _ _ _ _ _ _ _ _ _ _ _ _ _ _ _ _ _ _ _ _ _ _ _ _ _ _ _ _ 

self = &lt;Flask 'app'&gt;
rv = &lt;app.routes.youtube.Download object at 0x7f18bea37e00&gt;

    def make_response(self, rv: ft.ResponseReturnValue) -&gt; Response:
        """Convert the return value from a view function to an instance of
        :attr:`response_class`.
    
        :param rv: the return value from the view function. The view function
            must return a response. Returning ``None``, or the view ending
            without returning, is not allowed. The following types are allowed
            for ``view_rv``:
    
            ``str``
                A response object is created with the string encoded to UTF-8
                as the body.
    
            ``bytes``
                A response object is created with the bytes as the body.
    
            ``dict``
                A dictionary that will be jsonify'd before being returned.
    
            ``list``
                A list that will be jsonify'd before being returned.
    
            ``generator`` or ``iterator``
                A generator that returns ``str`` or ``bytes`` to be
                streamed as the response.
    
            ``tuple``
                Either ``(body, status, headers)``, ``(body, status)``, or
                ``(body, headers)``, where ``body`` is any of the other types
                allowed here, ``status`` is a string or an integer, and
                ``headers`` is a dictionary or a list of ``(key, value)``
                tuples. If ``body`` is a :attr:`response_class` instance,
                ``status`` overwrites the exiting value and ``headers`` are
                extended.
    
            :attr:`response_class`
                The object is returned unchanged.
    
            other :class:`~werkzeug.wrappers.Response` class
                The object is coerced to :attr:`response_class`.
    
            :func:`callable`
                The function is called as a WSGI application. The result is
                used to create a response object.
    
        .. versionchanged:: 2.2
            A generator will be converted to a streaming response.
            A list will be converted to a JSON response.
    
        .. versionchanged:: 1.1
            A dict will be converted to a JSON response.
    
        .. versionchanged:: 0.9
           Previously a tuple was interpreted as the arguments for the
           response object.
        """
    
        status = headers = None
    
        # unpack tuple returns
        if isinstance(rv, tuple):
            len_rv = len(rv)
    
            # a 3-tuple is unpacked directly
            if len_rv == 3:
                rv, status, headers = rv  # type: ignore[misc]
            # decide if a 2-tuple has status or headers
            elif len_rv == 2:
                if isinstance(rv[1], (Headers, dict, tuple, list)):
                    rv, headers = rv
                else:
                    rv, status = rv  # type: ignore[assignment,misc]
            # other sized tuples are not allowed
            else:
                raise TypeError(
                    "The view function did not return a valid response tuple."
                    " The tuple must have the form (body, status, headers),"
                    " (body, status), or (body, headers)."
                )
    
        # the body must not be None
        if rv is None:
            raise TypeError(
                f"The view function for {request.endpoint!r} did not"
                " return a valid response. The function either returned"
                " None or ended without a return statement."
            )
    
        # make sure the body is an instance of the response class
        if not isinstance(rv, self.response_class):
            if isinstance(rv, (str, bytes, bytearray)) or isinstance(rv, cabc.Iterator):
                # let the response class set the status and headers instead of
                # waiting to do it manually, so that the class can handle any
                # special logic
                rv = self.response_class(
                    rv,
                    status=status,
                    headers=headers,  # type: ignore[arg-type]
                )
                status = headers = None
            elif isinstance(rv, (dict, list)):
                rv = self.json.response(rv)
            elif isinstance(rv, BaseResponse) or callable(rv):
                # evaluate a WSGI callable, or coerce a different response
                # class to the correct type
                try:
                    rv = self.response_class.force_type(
                        rv,  # type: ignore[arg-type]
                        request.environ,
                    )
                except TypeError as e:
                    raise TypeError(
                        f"{e}\nThe view function did not return a valid"
                        " response. The return type must be a string,"
                        " dict, list, tuple with headers or status,"
                        " Response instance, or WSGI callable, but it"
                        f" was a {type(rv).__name__}."
                    ).with_traceback(sys.exc_info()[2]) from None
            else:
&gt;               raise TypeError(
                    "The view function did not return a valid"
                    " response. The return type must be a string,"
                    " dict, list, tuple with headers or status,"
                    " Response instance, or WSGI callable, but it was a"
                    f" {type(rv).__name__}."
                )
E               TypeError: The view function did not return a valid response. The return type must be a string, dict, list, tuple with headers or status, Response instance, or WSGI callable, but it was a Download.

../../.venv/lib/python3.12/site-packages/flask/app.py:1211: TypeError</failure></testcase><testcase classname="tests.test_youtube_endpoints" name="test_download_success_and_stream_headers" time="0.002"><failure message="TypeError: The view function did not return a valid response. The return type must be a string, dict, list, tuple with headers or status, Response instance, or WSGI callable, but it was a Download.">monkeypatch = &lt;_pytest.monkeypatch.MonkeyPatch object at 0x7f18bd156990&gt;

    def test_download_success_and_stream_headers(monkeypatch):
        client = flask_app.test_client()
    
        # Simulate ffmpeg present
        monkeypatch.setattr(shutil, "which", lambda name: "/usr/bin/ffmpeg")
        # Patch yt_dlp.YoutubeDL to fake download and metadata
        FakeYDL = _fake_youtubedl_factory()
        monkeypatch.setattr(yt_module, "YoutubeDL", FakeYDL)
    
        # Hit /download
&gt;       resp = client.get("/download?url=https://www.youtube.com/watch?v=abc123")

tests/test_youtube_endpoints.py:93: 
_ _ _ _ _ _ _ _ _ _ _ _ _ _ _ _ _ _ _ _ _ _ _ _ _ _ _ _ _ _ _ _ _ _ _ _ _ _ _ _ 
../../.venv/lib/python3.12/site-packages/werkzeug/test.py:1162: in get
    return self.open(*args, **kw)
../../.venv/lib/python3.12/site-packages/flask/testing.py:235: in open
    response = super().open(
../../.venv/lib/python3.12/site-packages/werkzeug/test.py:1116: in open
    response_parts = self.run_wsgi_app(request.environ, buffered=buffered)
../../.venv/lib/python3.12/site-packages/werkzeug/test.py:988: in run_wsgi_app
    rv = run_wsgi_app(self.application, environ, buffered=buffered)
../../.venv/lib/python3.12/site-packages/werkzeug/test.py:1264: in run_wsgi_app
    app_rv = app(environ, start_response)
../../.venv/lib/python3.12/site-packages/flask/app.py:1498: in __call__
    return self.wsgi_app(environ, start_response)
../../.venv/lib/python3.12/site-packages/flask/app.py:1476: in wsgi_app
    response = self.handle_exception(e)
../../.venv/lib/python3.12/site-packages/flask_cors/extension.py:176: in wrapped_function
    return cors_after_request(app.make_response(f(*args, **kwargs)))
../../.venv/lib/python3.12/site-packages/flask/app.py:1473: in wsgi_app
    response = self.full_dispatch_request()
../../.venv/lib/python3.12/site-packages/flask/app.py:883: in full_dispatch_request
    return self.finalize_request(rv)
../../.venv/lib/python3.12/site-packages/flask/app.py:902: in finalize_request
    response = self.make_response(rv)
_ _ _ _ _ _ _ _ _ _ _ _ _ _ _ _ _ _ _ _ _ _ _ _ _ _ _ _ _ _ _ _ _ _ _ _ _ _ _ _ 

self = &lt;Flask 'app'&gt;
rv = &lt;app.routes.youtube.Download object at 0x7f18bd156c30&gt;

    def make_response(self, rv: ft.ResponseReturnValue) -&gt; Response:
        """Convert the return value from a view function to an instance of
        :attr:`response_class`.
    
        :param rv: the return value from the view function. The view function
            must return a response. Returning ``None``, or the view ending
            without returning, is not allowed. The following types are allowed
            for ``view_rv``:
    
            ``str``
                A response object is created with the string encoded to UTF-8
                as the body.
    
            ``bytes``
                A response object is created with the bytes as the body.
    
            ``dict``
                A dictionary that will be jsonify'd before being returned.
    
            ``list``
                A list that will be jsonify'd before being returned.
    
            ``generator`` or ``iterator``
                A generator that returns ``str`` or ``bytes`` to be
                streamed as the response.
    
            ``tuple``
                Either ``(body, status, headers)``, ``(body, status)``, or
                ``(body, headers)``, where ``body`` is any of the other types
                allowed here, ``status`` is a string or an integer, and
                ``headers`` is a dictionary or a list of ``(key, value)``
                tuples. If ``body`` is a :attr:`response_class` instance,
                ``status`` overwrites the exiting value and ``headers`` are
                extended.
    
            :attr:`response_class`
                The object is returned unchanged.
    
            other :class:`~werkzeug.wrappers.Response` class
                The object is coerced to :attr:`response_class`.
    
            :func:`callable`
                The function is called as a WSGI application. The result is
                used to create a response object.
    
        .. versionchanged:: 2.2
            A generator will be converted to a streaming response.
            A list will be converted to a JSON response.
    
        .. versionchanged:: 1.1
            A dict will be converted to a JSON response.
    
        .. versionchanged:: 0.9
           Previously a tuple was interpreted as the arguments for the
           response object.
        """
    
        status = headers = None
    
        # unpack tuple returns
        if isinstance(rv, tuple):
            len_rv = len(rv)
    
            # a 3-tuple is unpacked directly
            if len_rv == 3:
                rv, status, headers = rv  # type: ignore[misc]
            # decide if a 2-tuple has status or headers
            elif len_rv == 2:
                if isinstance(rv[1], (Headers, dict, tuple, list)):
                    rv, headers = rv
                else:
                    rv, status = rv  # type: ignore[assignment,misc]
            # other sized tuples are not allowed
            else:
                raise TypeError(
                    "The view function did not return a valid response tuple."
                    " The tuple must have the form (body, status, headers),"
                    " (body, status), or (body, headers)."
                )
    
        # the body must not be None
        if rv is None:
            raise TypeError(
                f"The view function for {request.endpoint!r} did not"
                " return a valid response. The function either returned"
                " None or ended without a return statement."
            )
    
        # make sure the body is an instance of the response class
        if not isinstance(rv, self.response_class):
            if isinstance(rv, (str, bytes, bytearray)) or isinstance(rv, cabc.Iterator):
                # let the response class set the status and headers instead of
                # waiting to do it manually, so that the class can handle any
                # special logic
                rv = self.response_class(
                    rv,
                    status=status,
                    headers=headers,  # type: ignore[arg-type]
                )
                status = headers = None
            elif isinstance(rv, (dict, list)):
                rv = self.json.response(rv)
            elif isinstance(rv, BaseResponse) or callable(rv):
                # evaluate a WSGI callable, or coerce a different response
                # class to the correct type
                try:
                    rv = self.response_class.force_type(
                        rv,  # type: ignore[arg-type]
                        request.environ,
                    )
                except TypeError as e:
                    raise TypeError(
                        f"{e}\nThe view function did not return a valid"
                        " response. The return type must be a string,"
                        " dict, list, tuple with headers or status,"
                        " Response instance, or WSGI callable, but it"
                        f" was a {type(rv).__name__}."
                    ).with_traceback(sys.exc_info()[2]) from None
            else:
&gt;               raise TypeError(
                    "The view function did not return a valid"
                    " response. The return type must be a string,"
                    " dict, list, tuple with headers or status,"
                    " Response instance, or WSGI callable, but it was a"
                    f" {type(rv).__name__}."
                )
E               TypeError: The view function did not return a valid response. The return type must be a string, dict, list, tuple with headers or status, Response instance, or WSGI callable, but it was a Download.

../../.venv/lib/python3.12/site-packages/flask/app.py:1211: TypeError</failure></testcase></testsuite></testsuites>